# JRE version: OpenJDK Runtime Environment Temurin-21.0.10+7 (21.0.10+7) (build 21.0.10+7-LTS)
# Java VM: OpenJDK 64-Bit Server VM Temurin-21.0.10+7 (21.0.10+7-LTS, mixed mode, sharing, tiered, compressed oops, compressed class ptrs, parallel gc, windows-amd64)
GC Precious Log:
 CardTable entry size: 512
 CPUs: 12 total, 12 available
 Memory: 7597M
 Large Page Support: Disabled
 NUMA Support: Disabled
 Compressed Oops: Enabled (32-bit)
 Alignments: Space 512K, Generation 512K, Heap 2M
 Heap Min Capacity: 100M
 Heap Initial Capacity: 100M
 Heap Max Capacity: 2G
 Pre-touch: Disabled
 Parallel Workers: 10
Heap:
 PSYoungGen      total 2048K, used 421K [0x00000000d5580000, 0x00000000d5900000, 0x0000000100000000)
  eden space 1536K, 10% used [0x00000000d5580000,0x00000000d55a96a8,0x00000000d5700000)
  from space 512K, 50% used [0x00000000d5880000,0x00000000d58c0000,0x00000000d5900000)
  to   space 512K, 0% used [0x00000000d5800000,0x00000000d5800000,0x00000000d5880000)
 ParOldGen       total 764416K, used 764409K [0x0000000080000000, 0x00000000aea80000, 0x00000000d5580000)
  object space 764416K, 99% used [0x0000000080000000,0x00000000aea7e430,0x00000000aea80000)
 Metaspace       used 70455K, committed 72064K, reserved 1114112K
  class space    used 7606K, committed 8320K, reserved 1048576K
GC Heap History (20 events):
Event: 109.592 GC heap before
{Heap before GC invocations=1186 (full 3):
 PSYoungGen      total 3072K, used 2901K [0x00000000d5580000, 0x00000000d5b00000, 0x0000000100000000)
  eden space 1536K, 99% used [0x00000000d5580000,0x00000000d56fffd8,0x00000000d5700000)
  from space 1536K, 88% used [0x00000000d5980000,0x00000000d5ad57c0,0x00000000d5b00000)
  to   space 2048K, 0% used [0x00000000d5700000,0x00000000d5700000,0x00000000d5900000)
 ParOldGen       total 756224K, used 755738K [0x0000000080000000, 0x00000000ae280000, 0x00000000d5580000)
  object space 756224K, 99% used [0x0000000080000000,0x00000000ae206b18,0x00000000ae280000)
 Metaspace       used 69786K, committed 71360K, reserved 1114112K
  class space    used 7538K, committed 8256K, reserved 1048576K
}
Event: 109.601 GC heap after
{Heap after GC invocations=1186 (full 3):
 PSYoungGen      total 3072K, used 1490K [0x00000000d5580000, 0x00000000d5a00000, 0x0000000100000000)
  eden space 1536K, 0% used [0x00000000d5580000,0x00000000d5580000,0x00000000d5700000)
  from space 1536K, 97% used [0x00000000d5700000,0x00000000d58748b8,0x00000000d5880000)
  to   space 1536K, 0% used [0x00000000d5880000,0x00000000d5880000,0x00000000d5a00000)
 ParOldGen       total 757248K, used 757016K [0x0000000080000000, 0x00000000ae380000, 0x00000000d5580000)
  object space 757248K, 99% used [0x0000000080000000,0x00000000ae3462d8,0x00000000ae380000)
 Metaspace       used 69786K, committed 71360K, reserved 1114112K
  class space    used 7538K, committed 8256K, reserved 1048576K
}
Event: 109.624 GC heap before
{Heap before GC invocations=1187 (full 3):
 PSYoungGen      total 3072K, used 3026K [0x00000000d5580000, 0x00000000d5a00000, 0x0000000100000000)
  eden space 1536K, 100% used [0x00000000d5580000,0x00000000d5700000,0x00000000d5700000)
  from space 1536K, 97% used [0x00000000d5700000,0x00000000d58748b8,0x00000000d5880000)
  to   space 1536K, 0% used [0x00000000d5880000,0x00000000d5880000,0x00000000d5a00000)
 ParOldGen       total 757248K, used 757016K [0x0000000080000000, 0x00000000ae380000, 0x00000000d5580000)
  object space 757248K, 99% used [0x0000000080000000,0x00000000ae3462d8,0x00000000ae380000)
 Metaspace       used 69786K, committed 71360K, reserved 1114112K
  class space    used 7538K, committed 8256K, reserved 1048576K
}
Event: 109.631 GC heap after
{Heap after GC invocations=1187 (full 3):
 PSYoungGen      total 3072K, used 1488K [0x00000000d5580000, 0x00000000d5a00000, 0x0000000100000000)
  eden space 1536K, 0% used [0x00000000d5580000,0x00000000d5580000,0x00000000d5700000)
  from space 1536K, 96% used [0x00000000d5880000,0x00000000d59f4010,0x00000000d5a00000)
  to   space 1536K, 0% used [0x00000000d5700000,0x00000000d5700000,0x00000000d5880000)
 ParOldGen       total 758784K, used 758429K [0x0000000080000000, 0x00000000ae500000, 0x00000000d5580000)
  object space 758784K, 99% used [0x0000000080000000,0x00000000ae4a7448,0x00000000ae500000)
 Metaspace       used 69786K, committed 71360K, reserved 1114112K
  class space    used 7538K, committed 8256K, reserved 1048576K
}
Event: 109.654 GC heap before
{Heap before GC invocations=1188 (full 3):
 PSYoungGen      total 3072K, used 3024K [0x00000000d5580000, 0x00000000d5a00000, 0x0000000100000000)
  eden space 1536K, 100% used [0x00000000d5580000,0x00000000d5700000,0x00000000d5700000)
  from space 1536K, 96% used [0x00000000d5880000,0x00000000d59f4010,0x00000000d5a00000)
  to   space 1536K, 0% used [0x00000000d5700000,0x00000000d5700000,0x00000000d5880000)
 ParOldGen       total 758784K, used 758429K [0x0000000080000000, 0x00000000ae500000, 0x00000000d5580000)
  object space 758784K, 99% used [0x0000000080000000,0x00000000ae4a7448,0x00000000ae500000)
 Metaspace       used 69786K, committed 71360K, reserved 1114112K
  class space    used 7538K, committed 8256K, reserved 1048576K
}
Event: 109.659 GC heap after
{Heap after GC invocations=1188 (full 3):
 PSYoungGen      total 3072K, used 1504K [0x00000000d5580000, 0x00000000d5a00000, 0x0000000100000000)
  eden space 1536K, 0% used [0x00000000d5580000,0x00000000d5580000,0x00000000d5700000)
  from space 1536K, 97% used [0x00000000d5700000,0x00000000d5878000,0x00000000d5880000)
  to   space 1536K, 0% used [0x00000000d5880000,0x00000000d5880000,0x00000000d5a00000)
 ParOldGen       total 759808K, used 759783K [0x0000000080000000, 0x00000000ae600000, 0x00000000d5580000)
  object space 759808K, 99% used [0x0000000080000000,0x00000000ae5f9c48,0x00000000ae600000)
 Metaspace       used 69786K, committed 71360K, reserved 1114112K
  class space    used 7538K, committed 8256K, reserved 1048576K
}
Event: 109.685 GC heap before
{Heap before GC invocations=1189 (full 3):
 PSYoungGen      total 3072K, used 3040K [0x00000000d5580000, 0x00000000d5a00000, 0x0000000100000000)
  eden space 1536K, 100% used [0x00000000d5580000,0x00000000d5700000,0x00000000d5700000)
  from space 1536K, 97% used [0x00000000d5700000,0x00000000d5878000,0x00000000d5880000)
  to   space 1536K, 0% used [0x00000000d5880000,0x00000000d5880000,0x00000000d5a00000)
 ParOldGen       total 759808K, used 759783K [0x0000000080000000, 0x00000000ae600000, 0x00000000d5580000)
  object space 759808K, 99% used [0x0000000080000000,0x00000000ae5f9c48,0x00000000ae600000)
 Metaspace       used 69787K, committed 71360K, reserved 1114112K
  class space    used 7538K, committed 8256K, reserved 1048576K
}
Event: 109.692 GC heap after
{Heap after GC invocations=1189 (full 3):
 PSYoungGen      total 3072K, used 1408K [0x00000000d5580000, 0x00000000d5a00000, 0x0000000100000000)
  eden space 1536K, 0% used [0x00000000d5580000,0x00000000d5580000,0x00000000d5700000)
  from space 1536K, 91% used [0x00000000d5880000,0x00000000d59e0000,0x00000000d5a00000)
  to   space 1536K, 0% used [0x00000000d5700000,0x00000000d5700000,0x00000000d5880000)
 ParOldGen       total 761344K, used 761174K [0x0000000080000000, 0x00000000ae780000, 0x00000000d5580000)
  object space 761344K, 99% used [0x0000000080000000,0x00000000ae755b88,0x00000000ae780000)
 Metaspace       used 69787K, committed 71360K, reserved 1114112K
  class space    used 7538K, committed 8256K, reserved 1048576K
}
Event: 109.710 GC heap before
{Heap before GC invocations=1190 (full 3):
 PSYoungGen      total 3072K, used 2943K [0x00000000d5580000, 0x00000000d5a00000, 0x0000000100000000)
  eden space 1536K, 99% used [0x00000000d5580000,0x00000000d56ffff0,0x00000000d5700000)
  from space 1536K, 91% used [0x00000000d5880000,0x00000000d59e0000,0x00000000d5a00000)
  to   space 1536K, 0% used [0x00000000d5700000,0x00000000d5700000,0x00000000d5880000)
 ParOldGen       total 761344K, used 761174K [0x0000000080000000, 0x00000000ae780000, 0x00000000d5580000)
  object space 761344K, 99% used [0x0000000080000000,0x00000000ae755b88,0x00000000ae780000)
 Metaspace       used 69787K, committed 71360K, reserved 1114112K
  class space    used 7538K, committed 8256K, reserved 1048576K
}
Event: 109.716 GC heap after
{Heap after GC invocations=1190 (full 3):
 PSYoungGen      total 3072K, used 1376K [0x00000000d5580000, 0x00000000d5a80000, 0x0000000100000000)
  eden space 1536K, 0% used [0x00000000d5580000,0x00000000d5580000,0x00000000d5700000)
  from space 1536K, 89% used [0x00000000d5700000,0x00000000d5858000,0x00000000d5880000)
  to   space 1536K, 0% used [0x00000000d5900000,0x00000000d5900000,0x00000000d5a80000)
 ParOldGen       total 762880K, used 762419K [0x0000000080000000, 0x00000000ae900000, 0x00000000d5580000)
  object space 762880K, 99% used [0x0000000080000000,0x00000000ae88ce10,0x00000000ae900000)
 Metaspace       used 69787K, committed 71360K, reserved 1114112K
  class space    used 7538K, committed 8256K, reserved 1048576K
}
Event: 310.422 GC heap before
{Heap before GC invocations=1191 (full 3):
 PSYoungGen      total 3072K, used 2911K [0x00000000d5580000, 0x00000000d5a80000, 0x0000000100000000)
  eden space 1536K, 99% used [0x00000000d5580000,0x00000000d56ffff8,0x00000000d5700000)
  from space 1536K, 89% used [0x00000000d5700000,0x00000000d5858000,0x00000000d5880000)
  to   space 1536K, 0% used [0x00000000d5900000,0x00000000d5900000,0x00000000d5a80000)
 ParOldGen       total 762880K, used 762419K [0x0000000080000000, 0x00000000ae900000, 0x00000000d5580000)
  object space 762880K, 99% used [0x0000000080000000,0x00000000ae88ce10,0x00000000ae900000)
 Metaspace       used 69829K, committed 71488K, reserved 1114112K
  class space    used 7544K, committed 8256K, reserved 1048576K
}
Event: 310.772 GC heap after
{Heap after GC invocations=1191 (full 3):
 PSYoungGen      total 2560K, used 736K [0x00000000d5580000, 0x00000000d5a00000, 0x0000000100000000)
  eden space 1536K, 0% used [0x00000000d5580000,0x00000000d5580000,0x00000000d5700000)
  from space 1024K, 71% used [0x00000000d5900000,0x00000000d59b8000,0x00000000d5a00000)
  to   space 1024K, 0% used [0x00000000d5800000,0x00000000d5800000,0x00000000d5900000)
 ParOldGen       total 763904K, used 763641K [0x0000000080000000, 0x00000000aea00000, 0x00000000d5580000)
  object space 763904K, 99% used [0x0000000080000000,0x00000000ae9be740,0x00000000aea00000)
 Metaspace       used 69829K, committed 71488K, reserved 1114112K
  class space    used 7544K, committed 8256K, reserved 1048576K
}
Event: 9640.920 GC heap before
{Heap before GC invocations=1192 (full 3):
 PSYoungGen      total 2560K, used 2271K [0x00000000d5580000, 0x00000000d5a00000, 0x0000000100000000)
  eden space 1536K, 99% used [0x00000000d5580000,0x00000000d56ffe10,0x00000000d5700000)
  from space 1024K, 71% used [0x00000000d5900000,0x00000000d59b8000,0x00000000d5a00000)
  to   space 1024K, 0% used [0x00000000d5800000,0x00000000d5800000,0x00000000d5900000)
 ParOldGen       total 763904K, used 763641K [0x0000000080000000, 0x00000000aea00000, 0x00000000d5580000)
  object space 763904K, 99% used [0x0000000080000000,0x00000000ae9be740,0x00000000aea00000)
 Metaspace       used 69909K, committed 71488K, reserved 1114112K
  class space    used 7552K, committed 8256K, reserved 1048576K
}
Event: 9641.276 GC heap after
{Heap after GC invocations=1192 (full 3):
 PSYoungGen      total 2048K, used 352K [0x00000000d5580000, 0x00000000d5980000, 0x0000000100000000)
  eden space 1536K, 0% used [0x00000000d5580000,0x00000000d5580000,0x00000000d5700000)
  from space 512K, 68% used [0x00000000d5800000,0x00000000d5858010,0x00000000d5880000)
  to   space 1024K, 0% used [0x00000000d5880000,0x00000000d5880000,0x00000000d5980000)
 ParOldGen       total 764416K, used 764216K [0x0000000080000000, 0x00000000aea80000, 0x00000000d5580000)
  object space 764416K, 99% used [0x0000000080000000,0x00000000aea4e270,0x00000000aea80000)
 Metaspace       used 69909K, committed 71488K, reserved 1114112K
  class space    used 7552K, committed 8256K, reserved 1048576K
}
Event: 9641.880 GC heap before
{Heap before GC invocations=1193 (full 3):
 PSYoungGen      total 2048K, used 1831K [0x00000000d5580000, 0x00000000d5980000, 0x0000000100000000)
  eden space 1536K, 96% used [0x00000000d5580000,0x00000000d56f1e80,0x00000000d5700000)
  from space 512K, 68% used [0x00000000d5800000,0x00000000d5858010,0x00000000d5880000)
  to   space 1024K, 0% used [0x00000000d5880000,0x00000000d5880000,0x00000000d5980000)
 ParOldGen       total 764416K, used 764216K [0x0000000080000000, 0x00000000aea80000, 0x00000000d5580000)
  object space 764416K, 99% used [0x0000000080000000,0x00000000aea4e270,0x00000000aea80000)
 Metaspace       used 70022K, committed 71616K, reserved 1114112K
  class space    used 7557K, committed 8256K, reserved 1048576K
}
Event: 9641.884 GC heap after
{Heap after GC invocations=1193 (full 3):
 PSYoungGen      total 2048K, used 320K [0x00000000d5580000, 0x00000000d5900000, 0x0000000100000000)
  eden space 1536K, 0% used [0x00000000d5580000,0x00000000d5580000,0x00000000d5700000)
  from space 512K, 62% used [0x00000000d5880000,0x00000000d58d0000,0x00000000d5900000)
  to   space 512K, 0% used [0x00000000d5800000,0x00000000d5800000,0x00000000d5880000)
 ParOldGen       total 764416K, used 764280K [0x0000000080000000, 0x00000000aea80000, 0x00000000d5580000)
  object space 764416K, 99% used [0x0000000080000000,0x00000000aea5e280,0x00000000aea80000)
 Metaspace       used 70022K, committed 71616K, reserved 1114112K
  class space    used 7557K, committed 8256K, reserved 1048576K
}
Event: 9642.300 GC heap before
{Heap before GC invocations=1194 (full 3):
 PSYoungGen      total 2048K, used 1841K [0x00000000d5580000, 0x00000000d5900000, 0x0000000100000000)
  eden space 1536K, 99% used [0x00000000d5580000,0x00000000d56fc470,0x00000000d5700000)
  from space 512K, 62% used [0x00000000d5880000,0x00000000d58d0000,0x00000000d5900000)
  to   space 512K, 0% used [0x00000000d5800000,0x00000000d5800000,0x00000000d5880000)
 ParOldGen       total 764416K, used 764280K [0x0000000080000000, 0x00000000aea80000, 0x00000000d5580000)
  object space 764416K, 99% used [0x0000000080000000,0x00000000aea5e280,0x00000000aea80000)
 Metaspace       used 70217K, committed 71808K, reserved 1114112K
  class space    used 7574K, committed 8256K, reserved 1048576K
}
Event: 9642.307 GC heap after
{Heap after GC invocations=1194 (full 3):
 PSYoungGen      total 2048K, used 256K [0x00000000d5580000, 0x00000000d5900000, 0x0000000100000000)
  eden space 1536K, 0% used [0x00000000d5580000,0x00000000d5580000,0x00000000d5700000)
  from space 512K, 50% used [0x00000000d5800000,0x00000000d5840000,0x00000000d5880000)
  to   space 512K, 0% used [0x00000000d5880000,0x00000000d5880000,0x00000000d5900000)
 ParOldGen       total 764416K, used 764312K [0x0000000080000000, 0x00000000aea80000, 0x00000000d5580000)
  object space 764416K, 99% used [0x0000000080000000,0x00000000aea66280,0x00000000aea80000)
 Metaspace       used 70217K, committed 71808K, reserved 1114112K
  class space    used 7574K, committed 8256K, reserved 1048576K
}
Event: 9642.658 GC heap before
{Heap before GC invocations=1195 (full 3):
 PSYoungGen      total 2048K, used 1792K [0x00000000d5580000, 0x00000000d5900000, 0x0000000100000000)
  eden space 1536K, 100% used [0x00000000d5580000,0x00000000d5700000,0x00000000d5700000)
  from space 512K, 50% used [0x00000000d5800000,0x00000000d5840000,0x00000000d5880000)
  to   space 512K, 0% used [0x00000000d5880000,0x00000000d5880000,0x00000000d5900000)
 ParOldGen       total 764416K, used 764312K [0x0000000080000000, 0x00000000aea80000, 0x00000000d5580000)
  object space 764416K, 99% used [0x0000000080000000,0x00000000aea66280,0x00000000aea80000)
 Metaspace       used 70442K, committed 72064K, reserved 1114112K
  class space    used 7606K, committed 8320K, reserved 1048576K
}
Event: 9642.664 GC heap after
{Heap after GC invocations=1195 (full 3):
 PSYoungGen      total 2048K, used 256K [0x00000000d5580000, 0x00000000d5900000, 0x0000000100000000)
  eden space 1536K, 0% used [0x00000000d5580000,0x00000000d5580000,0x00000000d5700000)
  from space 512K, 50% used [0x00000000d5880000,0x00000000d58c0000,0x00000000d5900000)
  to   space 512K, 0% used [0x00000000d5800000,0x00000000d5800000,0x00000000d5880000)
 ParOldGen       total 764416K, used 764409K [0x0000000080000000, 0x00000000aea80000, 0x00000000d5580000)
  object space 764416K, 99% used [0x0000000080000000,0x00000000aea7e430,0x00000000aea80000)
 Metaspace       used 70442K, committed 72064K, reserved 1114112K
  class space    used 7606K, committed 8320K, reserved 1048576K
}

